Sat 09 Sep 2023 02:40:47 AM UTC: 
 tests:  0|6
total_score: 0/70
65bc37d
Sat 09 Sep 2023 03:05:40 AM UTC: 
 hashmap.c | 8 ++++++--
 1 file changed, 6 insertions(+), 2 deletions(-)
 tests:  1|5
total_score: 10/70
e0d77bb
Sat 09 Sep 2023 04:14:02 AM UTC: 
 hashmap.c | 10 ++++++++++
 1 file changed, 10 insertions(+)
 tests:  0|0
0e21fcf
Sat 09 Sep 2023 04:15:11 AM UTC: 
 hashmap.c | 3 ++-
 1 file changed, 2 insertions(+), 1 deletion(-)
 tests:  1|5
total_score: 10/70
26741cd
Sat 09 Sep 2023 04:15:57 AM UTC: 
 hashmap.c | 8 +++++---
 1 file changed, 5 insertions(+), 3 deletions(-)
 tests:  2|5
total_score: 20/70
5d478a1
Sat 09 Sep 2023 04:19:18 AM UTC: 
 hashmap.c | 5 ++---
 1 file changed, 2 insertions(+), 3 deletions(-)
 tests:  2|5
total_score: 20/70
396afe0
Sat 09 Sep 2023 04:25:39 AM UTC: 
 hashmap.c | 10 ++++++----
 1 file changed, 6 insertions(+), 4 deletions(-)
 tests:  0|0
93ee061
Sat 09 Sep 2023 04:28:21 AM UTC: 
 hashmap.c | 2 +-
 1 file changed, 1 insertion(+), 1 deletion(-)
 tests:  0|0
3a14426
Sat 09 Sep 2023 04:30:32 AM UTC: 
 hashmap.c | 4 ++--
 1 file changed, 2 insertions(+), 2 deletions(-)
 tests:  0|0
c06f3e4
Sat 09 Sep 2023 04:32:10 AM UTC: 
 hashmap.c | 9 +++++++--
 1 file changed, 7 insertions(+), 2 deletions(-)
 tests:  0|0
dbadc1f
Sat 09 Sep 2023 04:50:52 AM UTC: 
 hashmap.c | 5 ++---
 1 file changed, 2 insertions(+), 3 deletions(-)
 tests:  0|0
dc976ad
Sat 09 Sep 2023 04:51:18 AM UTC: 
 hashmap.c | 3 ++-
 1 file changed, 2 insertions(+), 1 deletion(-)
test.c: In function ‘insertMap’:
test.c:453:5: error: ‘main’ is normally a non-static function [-Werror=main]
  453 | int main( int argc, char *argv[] ) {
      |     ^~~~
test.c:511:1: error: expected declaration or statement at end of input
  511 | }
      | ^
At top level:
test.c:453:5: error: ‘main’ defined but not used [-Werror=unused-function]
  453 | int main( int argc, char *argv[] ) {
      |     ^~~~
test.c:217:5: error: ‘insert_test5’ defined but not used [-Werror=unused-function]
  217 | int insert_test5(){ //factor de carga>0.7, se llama a función enlarge
      |     ^~~~~~~~~~~~
test.c:131:6: error: ‘compare_test’ defined but not used [-Werror=unused-function]
  131 | void compare_test(){
      |      ^~~~~~~~~~~~
test.c:125:6: error: ‘hash_test3’ defined but not used [-Werror=unused-function]
  125 | void hash_test3(){ //no random
      |      ^~~~~~~~~~
test.c:111:6: error: ‘hash_test2’ defined but not used [-Werror=unused-function]
  111 | void hash_test2(){ // colisiones
      |      ^~~~~~~~~~
test.c:100:6: error: ‘hash_test1’ defined but not used [-Werror=unused-function]
  100 | void hash_test1(){ // posición válida
      |      ^~~~~~~~~~
cc1: all warnings being treated as errors
Compilation failed
7947cac
Sat 09 Sep 2023 04:51:31 AM UTC: 
 hashmap.c | 2 +-
 1 file changed, 1 insertion(+), 1 deletion(-)
/nix/store/039g378vc3pc3dvi9dzdlrd0i4q93qwf-binutils-2.39/bin/ld: /tmp/ccRnSZSy.o: in function `insert_test1':
test.c:(.text+0x7bb): undefined reference to `insertMap'
/nix/store/039g378vc3pc3dvi9dzdlrd0i4q93qwf-binutils-2.39/bin/ld: /tmp/ccRnSZSy.o: in function `insert_test2':
test.c:(.text+0x8d2): undefined reference to `insertMap'
/nix/store/039g378vc3pc3dvi9dzdlrd0i4q93qwf-binutils-2.39/bin/ld: /tmp/ccRnSZSy.o: in function `insert_test3':
test.c:(.text+0x942): undefined reference to `insertMap'
/nix/store/039g378vc3pc3dvi9dzdlrd0i4q93qwf-binutils-2.39/bin/ld: /tmp/ccRnSZSy.o: in function `insert_test4':
test.c:(.text+0x9d8): undefined reference to `insertMap'
/nix/store/039g378vc3pc3dvi9dzdlrd0i4q93qwf-binutils-2.39/bin/ld: test.c:(.text+0xa68): undefined reference to `insertMap'
/nix/store/039g378vc3pc3dvi9dzdlrd0i4q93qwf-binutils-2.39/bin/ld: /tmp/ccRnSZSy.o:test.c:(.text+0xb16): more undefined references to `insertMap' follow
collect2: error: ld returned 1 exit status
Compilation failed
7099dfb
Sat 09 Sep 2023 04:51:55 AM UTC: 
 hashmap.c | 5 +++--
 1 file changed, 3 insertions(+), 2 deletions(-)
 tests:  1|5
total_score: 10/70
c8237d8
Sat 09 Sep 2023 06:03:50 AM UTC: 
 hashmap.c | 13 ++++++-------
 1 file changed, 6 insertions(+), 7 deletions(-)
 tests:  5|4
total_score: 30/70
2cb0904
Sat 09 Sep 2023 06:04:52 AM UTC: 
 hashmap.c | 2 --
 1 file changed, 2 deletions(-)
 tests:  5|4
total_score: 30/70
c2931b3
Sat 09 Sep 2023 06:06:27 AM UTC: 
 hashmap.c | 5 +++--
 1 file changed, 3 insertions(+), 2 deletions(-)
 tests:  0|0
3c63bb9
Sat 09 Sep 2023 06:08:43 AM UTC: 
 hashmap.c | 4 +---
 1 file changed, 1 insertion(+), 3 deletions(-)
 tests:  5|4
total_score: 30/70
b35cc41
Sat 09 Sep 2023 08:23:53 AM UTC: 
 hashmap.c | 10 ++++++++--
 1 file changed, 8 insertions(+), 2 deletions(-)
test.c: In function ‘searchMap’:
test.c:453:5: error: ‘main’ is normally a non-static function [-Werror=main]
  453 | int main( int argc, char *argv[] ) {
      |     ^~~~
test.c:511:1: error: expected declaration or statement at end of input
  511 | }
      | ^
test.c:512: error: control reaches end of non-void function [-Werror=return-type]
At top level:
test.c:453:5: error: ‘main’ defined but not used [-Werror=unused-function]
  453 | int main( int argc, char *argv[] ) {
      |     ^~~~
test.c:217:5: error: ‘insert_test5’ defined but not used [-Werror=unused-function]
  217 | int insert_test5(){ //factor de carga>0.7, se llama a función enlarge
      |     ^~~~~~~~~~~~
test.c:131:6: error: ‘compare_test’ defined but not used [-Werror=unused-function]
  131 | void compare_test(){
      |      ^~~~~~~~~~~~
test.c:125:6: error: ‘hash_test3’ defined but not used [-Werror=unused-function]
  125 | void hash_test3(){ //no random
      |      ^~~~~~~~~~
test.c:111:6: error: ‘hash_test2’ defined but not used [-Werror=unused-function]
  111 | void hash_test2(){ // colisiones
      |      ^~~~~~~~~~
test.c:100:6: error: ‘hash_test1’ defined but not used [-Werror=unused-function]
  100 | void hash_test1(){ // posición válida
      |      ^~~~~~~~~~
cc1: all warnings being treated as errors
Compilation failed
e272009
Sat 09 Sep 2023 08:24:06 AM UTC: 
 hashmap.c | 2 +-
 1 file changed, 1 insertion(+), 1 deletion(-)
In file included from test.c:4:
hashmap.c: In function ‘searchMap’:
hashmap.c:88:1: error: control reaches end of non-void function [-Werror=return-type]
   88 | }
      | ^
cc1: all warnings being treated as errors
Compilation failed
83a2a6c
